<?xml version="1.0" encoding="UTF-8" ?>
<testsuite errors="0" skipped="0" tests="5" time="1.299" failures="0" name="net.sf.robocode.serialization.RbSerializerTest">
  <properties>
[...]
</properties>
  <testcase classname="net.sf.robocode.serialization.RbSerializerTest" time="0.056" name="empty"/>
  <testcase classname="net.sf.robocode.serialization.RbSerializerTest" time="0" name="withBullets"/>
  <testcase classname="net.sf.robocode.serialization.RbSerializerTest" time="0.001" name="withMessages"/>
  <testcase classname="net.sf.robocode.serialization.RbSerializerTest" time="0.001" name="withProperties"/>
  <testcase classname="net.sf.robocode.serialization.RbSerializerTest" time="0.582" name="graphics"/>
</testsuite>