-------------------------------------------------------------------------------
Test set: net.sf.robocode.test.robots.TestEnvAttack
-------------------------------------------------------------------------------
Tests run: 1, Failures: 0, Errors: 1, Skipped: 0, Time elapsed: 0.362 sec <<< FAILURE!
run(net.sf.robocode.test.robots.TestEnvAttack)  Time elapsed: 0.348 sec  <<< ERROR!
java.lang.Error: Unresolved compilation problems: 
	The constructor BaseBattle(ISettingsManager, IBattleManager, BattleEventDispatcher) refers to the missing type BattleEventDispatcher
	BattleEventDispatcher cannot be resolved to a type
	BattleEventDispatcher cannot be resolved to a type
	BattleEventDispatcher cannot be resolved to a type
	BattleEventDispatcher cannot be resolved to a type
	BattleEventDispatcher cannot be resolved to a type
	BattleEventDispatcher cannot be resolved to a type
	BattleEventDispatcher cannot be resolved to a type
	BattleEventDispatcher cannot be resolved to a type

	at net.sf.robocode.battle.Battle.<init>(Battle.java:171)
	at sun.reflect.NativeConstructorAccessorImpl.newInstance0(Native Method)
	at sun.reflect.NativeConstructorAccessorImpl.newInstance(NativeConstructorAccessorImpl.java:39)
	at sun.reflect.DelegatingConstructorAccessorImpl.newInstance(DelegatingConstructorAccessorImpl.java:27)
	at java.lang.reflect.Constructor.newInstance(Constructor.java:494)
	at org.picocontainer.injectors.AbstractInjector.newInstance(AbstractInjector.java:157)
	at org.picocontainer.injectors.ConstructorInjector.instantiate(ConstructorInjector.java:222)
	at org.picocontainer.injectors.ConstructorInjector$1.run(ConstructorInjector.java:195)
	at org.picocontainer.injectors.AbstractInjector$ThreadLocalCyclicDependencyGuard.observe(AbstractInjector.java:284)
	at org.picocontainer.injectors.ConstructorInjector.getComponentInstance(ConstructorInjector.java:218)
	at org.picocontainer.DefaultPicoContainer.getInstance(DefaultPicoContainer.java:574)
	at org.picocontainer.DefaultPicoContainer.getComponent(DefaultPicoContainer.java:535)
	at org.picocontainer.DefaultPicoContainer.getComponent(DefaultPicoContainer.java:515)
	at org.picocontainer.classname.DefaultClassLoadingPicoContainer.getComponent(DefaultClassLoadingPicoContainer.java:186)
	at org.picocontainer.containers.AbstractDelegatingPicoContainer.getComponent(AbstractDelegatingPicoContainer.java:46)
	at org.picocontainer.classname.DefaultClassLoadingPicoContainer$AsPropertiesPicoContainer.getComponent(DefaultClassLoadingPicoContainer.java:461)
	at net.sf.robocode.core.Container.createComponent(Container.java:269)
	at net.sf.robocode.battle.BattleManager.startNewBattleImpl(BattleManager.java:174)
	at net.sf.robocode.battle.BattleManager.startNewBattle(BattleManager.java:146)
	at robocode.control.RobocodeEngine.runBattle(RobocodeEngine.java:269)
	at net.sf.robocode.test.helpers.RobocodeTestBed.runBattle(RobocodeTestBed.java:198)
	at net.sf.robocode.test.helpers.RobocodeTestBed.run(RobocodeTestBed.java:173)
	at net.sf.robocode.test.robots.TestEnvAttack.run(TestEnvAttack.java:29)
	at sun.reflect.NativeMethodAccessorImpl.invoke0(Native Method)
	at sun.reflect.NativeMethodAccessorImpl.invoke(NativeMethodAccessorImpl.java:39)
	at sun.reflect.DelegatingMethodAccessorImpl.invoke(DelegatingMethodAccessorImpl.java:25)
	at java.lang.reflect.Method.invoke(Method.java:585)
	at org.junit.runners.model.FrameworkMethod$1.runReflectiveCall(FrameworkMethod.java:44)
	at org.junit.internal.runners.model.ReflectiveCallable.run(ReflectiveCallable.java:15)
	at org.junit.runners.model.FrameworkMethod.invokeExplosively(FrameworkMethod.java:41)
	at org.junit.internal.runners.statements.InvokeMethod.evaluate(InvokeMethod.java:20)
	at org.junit.internal.runners.statements.RunBefores.evaluate(RunBefores.java:28)
	at org.junit.internal.runners.statements.RunAfters.evaluate(RunAfters.java:31)
	at org.junit.runners.BlockJUnit4ClassRunner.runChild(BlockJUnit4ClassRunner.java:73)
	at org.junit.runners.BlockJUnit4ClassRunner.runChild(BlockJUnit4ClassRunner.java:46)
	at org.junit.runners.ParentRunner.runChildren(ParentRunner.java:180)
	at org.junit.runners.ParentRunner.access$000(ParentRunner.java:41)
	at org.junit.runners.ParentRunner$1.evaluate(ParentRunner.java:173)
	at org.junit.internal.runners.statements.RunBefores.evaluate(RunBefores.java:28)
	at org.junit.internal.runners.statements.RunAfters.evaluate(RunAfters.java:31)
	at org.junit.runners.ParentRunner.run(ParentRunner.java:220)
	at org.apache.maven.surefire.junit4.JUnit4TestSet.execute(JUnit4TestSet.java:62)
	at org.apache.maven.surefire.suite.AbstractDirectoryTestSuite.executeTestSet(AbstractDirectoryTestSuite.java:140)
	at org.apache.maven.surefire.suite.AbstractDirectoryTestSuite.execute(AbstractDirectoryTestSuite.java:127)
	at org.apache.maven.surefire.Surefire.run(Surefire.java:177)
	at sun.reflect.NativeMethodAccessorImpl.invoke0(Native Method)
	at sun.reflect.NativeMethodAccessorImpl.invoke(NativeMethodAccessorImpl.java:39)
	at sun.reflect.DelegatingMethodAccessorImpl.invoke(DelegatingMethodAccessorImpl.java:25)
	at java.lang.reflect.Method.invoke(Method.java:585)
	at org.apache.maven.surefire.booter.SurefireBooter.runSuitesInProcess(SurefireBooter.java:345)
	at org.apache.maven.surefire.booter.SurefireBooter.main(SurefireBooter.java:1009)

